c:\prog33921 - lucas\assignments\finalproject\spaceshooter-gamestates\debug\vc120.pdb
c:\prog33921 - lucas\assignments\finalproject\spaceshooter-gamestates\debug\vc120.idb
c:\prog33921 - lucas\assignments\finalproject\spaceshooter-gamestates\debug\animation.obj
c:\prog33921 - lucas\assignments\finalproject\spaceshooter-gamestates\debug\button.obj
c:\prog33921 - lucas\assignments\finalproject\spaceshooter-gamestates\debug\explosion.obj
c:\prog33921 - lucas\assignments\finalproject\spaceshooter-gamestates\debug\game.obj
c:\prog33921 - lucas\assignments\finalproject\spaceshooter-gamestates\debug\gameevents.obj
c:\prog33921 - lucas\assignments\finalproject\spaceshooter-gamestates\debug\gameover.obj
c:\prog33921 - lucas\assignments\finalproject\spaceshooter-gamestates\debug\gameplay.obj
c:\prog33921 - lucas\assignments\finalproject\spaceshooter-gamestates\debug\mainmenu.obj
c:\prog33921 - lucas\assignments\finalproject\spaceshooter-gamestates\debug\missile.obj
c:\prog33921 - lucas\assignments\finalproject\spaceshooter-gamestates\debug\player.obj
c:\prog33921 - lucas\assignments\finalproject\spaceshooter-gamestates\debug\main.obj
c:\prog33921 - lucas\assignments\finalproject\spaceshooter-gamestates\debug\source.obj
c:\prog33921 - lucas\assignments\finalproject\spaceshooter-gamestates\debug\straightflier.obj
c:\prog33921 - lucas\assignments\finalproject\spaceshooter-gamestates\debug\texture.obj
c:\prog33921 - lucas\assignments\finalproject\spaceshooter-gamestates\debug\spaceshooter.ilk
c:\prog33921 - lucas\assignments\finalproject\spaceshooter-gamestates\debug\spaceshooter.exe
c:\prog33921 - lucas\assignments\finalproject\spaceshooter-gamestates\debug\spaceshooter.pdb
c:\prog33921 - lucas\assignments\finalproject\spaceshooter-gamestates\debug\spaceshooter.tlog\cl.command.1.tlog
c:\prog33921 - lucas\assignments\finalproject\spaceshooter-gamestates\debug\spaceshooter.tlog\cl.read.1.tlog
c:\prog33921 - lucas\assignments\finalproject\spaceshooter-gamestates\debug\spaceshooter.tlog\cl.write.1.tlog
c:\prog33921 - lucas\assignments\finalproject\spaceshooter-gamestates\debug\spaceshooter.tlog\link.command.1.tlog
c:\prog33921 - lucas\assignments\finalproject\spaceshooter-gamestates\debug\spaceshooter.tlog\link.read.1.tlog
c:\prog33921 - lucas\assignments\finalproject\spaceshooter-gamestates\debug\spaceshooter.tlog\link.write.1.tlog
